<?xml version="1.0" encoding="UTF-8"?>
<!-- Generated by org.testng.reporters.JUnitXMLReporter -->
<testsuite ignored="2" hostname="DESKTOP-S15VDGS" failures="0" tests="1" name="Default test" time="19.228" errors="0" timestamp="2024-05-17T20:28:59 GMT-07:00">
  <testcase classname="testcases.RegisterTestCases" name="VerifyRegistrationWithBlankData" time="19.179"/>
  <testcase classname="testcases.RegisterTestCases" name="VerifyRegistrationWithInvalidData" time="0.0">
    <ignored/>
  </testcase> <!-- VerifyRegistrationWithInvalidData -->
  <testcase classname="testcases.RegisterTestCases" name="VerifyRegistrationWithValidData" time="0.0">
    <ignored/>
  </testcase> <!-- VerifyRegistrationWithValidData -->
</testsuite> <!-- Default test -->
