<?xml version="1.0" encoding="UTF-8"?>
<!-- Generated by org.testng.reporters.JUnitXMLReporter -->
<testsuite ignored="2" hostname="DESKTOP-S15VDGS" failures="0" tests="2" name="Test" time="29.612" errors="0" timestamp="2024-05-17T19:38:11 GMT-07:00">
  <testcase classname="testcases.RegisterTestCases" name="VerifyRegistrationWithValidData" time="15.883"/>
  <testcase classname="testcases.LoginTestCases" name="VerifyLoginWithValidData" time="13.617"/>
  <testcase classname="testcases.RegisterTestCases" name="VerifyRegistrationWithBlankData" time="0.0">
    <ignored/>
  </testcase> <!-- VerifyRegistrationWithBlankData -->
  <testcase classname="testcases.RegisterTestCases" name="VerifyRegistrationWithInvalidData" time="0.0">
    <ignored/>
  </testcase> <!-- VerifyRegistrationWithInvalidData -->
</testsuite> <!-- Test -->
