<?xml version="1.0" encoding="UTF-8"?>
<testng-results ignored="2" total="3" passed="1" failed="0" skipped="0">
  <reporter-output>
  </reporter-output>
  <suite started-at="2024-05-17T20:28:39 GMT-07:00" name="Default suite" finished-at="2024-05-17T20:28:59 GMT-07:00" duration-ms="19228">
    <groups>
    </groups>
    <test started-at="2024-05-17T20:28:39 GMT-07:00" name="Default test" finished-at="2024-05-17T20:28:59 GMT-07:00" duration-ms="19228">
      <class name="testcases.RegisterTestCases">
        <test-method signature="VerifyRegistrationWithBlankData()[pri:0, instance:testcases.RegisterTestCases@1a451d4d]" started-at="2024-05-17T20:28:39 GMT-07:00" name="VerifyRegistrationWithBlankData" finished-at="2024-05-17T20:28:59 GMT-07:00" duration-ms="19179" status="PASS">
          <reporter-output>
          </reporter-output>
        </test-method> <!-- VerifyRegistrationWithBlankData -->
      </class> <!-- testcases.RegisterTestCases -->
    </test> <!-- Default test -->
  </suite> <!-- Default suite -->
</testng-results>
